[2024-07-05 14:56:50,937] [INFO] [real_accelerator.py:203:get_accelerator] Setting ds_accelerator to cuda (auto detect)
[93m [WARNING] [0m async_io requires the dev libaio .so object and headers but these were not found.
[93m [WARNING] [0m If libaio is already installed (perhaps from source), try setting the CFLAGS and LDFLAGS environment variables to where it can be found.
[93m [WARNING] [0m Please specify the CUTLASS repo directory as environment variable $CUTLASS_PATH
[93m [WARNING] [0m please install triton==1.0.0 if you want to use sparse attention
--------------------------------------------------
DeepSpeed C++/CUDA extension op report
--------------------------------------------------
NOTE: Ops not installed will be just-in-time (JIT) compiled at
      runtime if needed. Op compatibility means that your system
      meet the required dependencies to JIT install the op.
--------------------------------------------------
JIT compiled ops requires ninja
ninja .................. [92m[OKAY][0m
--------------------------------------------------
op name ................ installed .. compatible
--------------------------------------------------
[93m [WARNING] [0m async_io requires the dev libaio .so object and headers but these were not found.
[93m [WARNING] [0m If libaio is already installed (perhaps from source), try setting the CFLAGS and LDFLAGS environment variables to where it can be found.
async_io ............... [93m[NO][0m ....... [93m[NO][0m
fused_adam ............. [93m[NO][0m ....... [92m[OKAY][0m
cpu_adam ............... [93m[NO][0m ....... [92m[OKAY][0m
cpu_adagrad ............ [93m[NO][0m ....... [92m[OKAY][0m
cpu_lion ............... [93m[NO][0m ....... [92m[OKAY][0m
[93m [WARNING] [0m Please specify the CUTLASS repo directory as environment variable $CUTLASS_PATH
evoformer_attn ......... [93m[NO][0m ....... [93m[NO][0m
fp_quantizer ........... [93m[NO][0m ....... [92m[OKAY][0m
fused_lamb ............. [93m[NO][0m ....... [92m[OKAY][0m
fused_lion ............. [93m[NO][0m ....... [92m[OKAY][0m
inference_core_ops ..... [93m[NO][0m ....... [92m[OKAY][0m
cutlass_ops ............ [93m[NO][0m ....... [92m[OKAY][0m
transformer_inference .. [93m[NO][0m ....... [92m[OKAY][0m
quantizer .............. [93m[NO][0m ....... [92m[OKAY][0m
ragged_device_ops ...... [93m[NO][0m ....... [92m[OKAY][0m
ragged_ops ............. [93m[NO][0m ....... [92m[OKAY][0m
random_ltd ............. [93m[NO][0m ....... [92m[OKAY][0m
[93m [WARNING] [0m please install triton==1.0.0 if you want to use sparse attention
sparse_attn ............ [93m[NO][0m ....... [93m[NO][0m
spatial_inference ...... [93m[NO][0m ....... [92m[OKAY][0m
transformer ............ [93m[NO][0m ....... [92m[OKAY][0m
stochastic_transformer . [93m[NO][0m ....... [92m[OKAY][0m
--------------------------------------------------
DeepSpeed general environment info:
torch install path ............... ['/root/.local/lib/python3.8/site-packages/torch']
torch version .................... 1.13.1+cu117
deepspeed install path ........... ['/root/.local/lib/python3.8/site-packages/deepspeed']
deepspeed info ................... 0.14.4, unknown, unknown
torch cuda version ............... 11.7
torch hip version ................ None
nvcc version ..................... 11.7
deepspeed wheel compiled w. ...... torch 1.13, cuda 11.7
shared memory (/dev/shm) size .... 64.00 GB
