[2024-07-05 14:57:00,062] [INFO] [real_accelerator.py:203:get_accelerator] Setting ds_accelerator to cuda (auto detect)
[93m [WARNING] [0m async_io requires the dev libaio .so object and headers but these were not found.
[93m [WARNING] [0m If libaio is already installed (perhaps from source), try setting the CFLAGS and LDFLAGS environment variables to where it can be found.
[93m [WARNING] [0m Please specify the CUTLASS repo directory as environment variable $CUTLASS_PATH
[93m [WARNING] [0m please install triton==1.0.0 if you want to use sparse attention
[2024-07-05 14:57:01,260] [WARNING] [runner.py:202:fetch_hostfile] Unable to find hostfile, will proceed with training with local resources only.
[2024-07-05 14:57:01,261] [INFO] [runner.py:568:main] cmd = /root/.local/conda/envs/py38/bin/python -u -m deepspeed.launcher.launch --world_info=eyJsb2NhbGhvc3QiOiBbMCwgMV19 --master_addr=127.0.0.1 --master_port=29500 --enable_each_rank_log=None train.py --num_stages 2 --steps 10 --deepspeed --deepspeed_config=ds_config.json
[2024-07-05 14:57:02,098] [INFO] [real_accelerator.py:203:get_accelerator] Setting ds_accelerator to cuda (auto detect)
[93m [WARNING] [0m async_io requires the dev libaio .so object and headers but these were not found.
[93m [WARNING] [0m If libaio is already installed (perhaps from source), try setting the CFLAGS and LDFLAGS environment variables to where it can be found.
[93m [WARNING] [0m Please specify the CUTLASS repo directory as environment variable $CUTLASS_PATH
[93m [WARNING] [0m please install triton==1.0.0 if you want to use sparse attention
[2024-07-05 14:57:03,253] [INFO] [launch.py:146:main] WORLD INFO DICT: {'localhost': [0, 1]}
[2024-07-05 14:57:03,253] [INFO] [launch.py:152:main] nnodes=1, num_local_procs=2, node_rank=0
[2024-07-05 14:57:03,253] [INFO] [launch.py:163:main] global_rank_mapping=defaultdict(<class 'list'>, {'localhost': [0, 1]})
[2024-07-05 14:57:03,253] [INFO] [launch.py:164:main] dist_world_size=2
[2024-07-05 14:57:03,253] [INFO] [launch.py:168:main] Setting CUDA_VISIBLE_DEVICES=0,1
[2024-07-05 14:57:03,261] [INFO] [launch.py:256:main] process 102709 spawned with command: ['/root/.local/conda/envs/py38/bin/python', '-u', 'train.py', '--local_rank=0', '--num_stages', '2', '--steps', '10', '--deepspeed', '--deepspeed_config=ds_config.json']
[2024-07-05 14:57:03,268] [INFO] [launch.py:256:main] process 102710 spawned with command: ['/root/.local/conda/envs/py38/bin/python', '-u', 'train.py', '--local_rank=1', '--num_stages', '2', '--steps', '10', '--deepspeed', '--deepspeed_config=ds_config.json']
[2024-07-05 14:57:04,257] [INFO] [real_accelerator.py:203:get_accelerator] Setting ds_accelerator to cuda (auto detect)
[2024-07-05 14:57:04,258] [INFO] [real_accelerator.py:203:get_accelerator] Setting ds_accelerator to cuda (auto detect)
[93m [WARNING] [0m async_io requires the dev libaio .so object and headers but these were not found.
[93m [WARNING] [0m async_io requires the dev libaio .so object and headers but these were not found.
[93m [WARNING] [0m If libaio is already installed (perhaps from source), try setting the CFLAGS and LDFLAGS environment variables to where it can be found.
[93m [WARNING] [0m Please specify the CUTLASS repo directory as environment variable $CUTLASS_PATH
[93m [WARNING] [0m If libaio is already installed (perhaps from source), try setting the CFLAGS and LDFLAGS environment variables to where it can be found.
[93m [WARNING] [0m Please specify the CUTLASS repo directory as environment variable $CUTLASS_PATH
[93m [WARNING] [0m please install triton==1.0.0 if you want to use sparse attention
[93m [WARNING] [0m please install triton==1.0.0 if you want to use sparse attention
[2024-07-05 14:57:05,493] [INFO] [comm.py:637:init_distributed] cdb=None
[2024-07-05 14:57:05,493] [INFO] [comm.py:668:init_distributed] Initializing TorchBackend in DeepSpeed with backend nccl
[2024-07-05 14:57:05,500] [INFO] [comm.py:637:init_distributed] cdb=None
SEED_LAYERS=False BASE_SEED=1234 SEED_FN=None
Using topology: {ProcessCoord(pipe=0, data=0): 0, ProcessCoord(pipe=1, data=0): 1}
[2024-07-05 14:57:05,546] [INFO] [module.py:375:_partition_layers] Partitioning pipeline stages with method parameters
stage=0 layers=2
     0: Linear
     1: TransformerEncoderLayer
stage=1 layers=2
     2: TransformerEncoderLayer
     3: Linear
  loss: loss_fn
[2024-07-05 14:57:06,236] [INFO] [logging.py:96:log_dist] [Rank 0] DeepSpeed info: version=0.14.4, git-hash=unknown, git-branch=unknown
Using /root/.cache/torch_extensions/py38_cu117 as PyTorch extensions root...
[2024-07-05 14:57:06,290] [INFO] [logging.py:96:log_dist] [Rank 0] DeepSpeed Flops Profiler Enabled: False
Using /root/.cache/torch_extensions/py38_cu117 as PyTorch extensions root...
Detected CUDA files, patching ldflags
Emitting ninja build file /root/.cache/torch_extensions/py38_cu117/fused_adam/build.ninja...
Building extension module fused_adam...
Allowing ninja to set a default number of workers... (overridable by setting the environment variable MAX_JOBS=N)
ninja: no work to do.
Loading extension module fused_adam...
Time to load fused_adam op: 0.06642603874206543 seconds
[2024-07-05 14:57:06,340] [INFO] [engine.py:142:__init__] is_pipe_partitioned= False is_grad_partitioned= False
Loading extension module fused_adam...
Time to load fused_adam op: 0.10139179229736328 seconds
[2024-07-05 14:57:06,393] [INFO] [logging.py:96:log_dist] [Rank 0] Using DeepSpeed Optimizer param name adam as basic optimizer
[2024-07-05 14:57:06,393] [INFO] [logging.py:96:log_dist] [Rank 0] Removing param_group that has no 'params' in the basic Optimizer
[2024-07-05 14:57:06,393] [INFO] [logging.py:96:log_dist] [Rank 0] DeepSpeed Basic Optimizer = FusedAdam
[2024-07-05 14:57:06,393] [INFO] [logging.py:96:log_dist] [Rank 0] DeepSpeed Final Optimizer = FusedAdam
[2024-07-05 14:57:06,394] [INFO] [logging.py:96:log_dist] [Rank 0] DeepSpeed using client LR scheduler
[2024-07-05 14:57:06,394] [INFO] [logging.py:96:log_dist] [Rank 0] DeepSpeed LR Scheduler = None
[2024-07-05 14:57:06,394] [INFO] [logging.py:96:log_dist] [Rank 0] step=0, skipped=0, lr=[0.0001], mom=[(0.9, 0.999)]
[2024-07-05 14:57:06,394] [INFO] [config.py:997:print] DeepSpeedEngine configuration:
[2024-07-05 14:57:06,394] [INFO] [config.py:1001:print]   activation_checkpointing_config  {
    "partition_activations": false, 
    "contiguous_memory_optimization": false, 
    "cpu_checkpointing": false, 
    "number_checkpoints": null, 
    "synchronize_checkpoint_boundary": false, 
    "profile": false
}
[2024-07-05 14:57:06,394] [INFO] [config.py:1001:print]   aio_config ................... {'block_size': 1048576, 'queue_depth': 8, 'thread_count': 1, 'single_submit': False, 'overlap_events': True}
[2024-07-05 14:57:06,394] [INFO] [config.py:1001:print]   amp_enabled .................. False
[2024-07-05 14:57:06,394] [INFO] [config.py:1001:print]   amp_params ................... False
[2024-07-05 14:57:06,395] [INFO] [config.py:1001:print]   autotuning_config ............ {
    "enabled": false, 
    "start_step": null, 
    "end_step": null, 
    "metric_path": null, 
    "arg_mappings": null, 
    "metric": "throughput", 
    "model_info": null, 
    "results_dir": "autotuning_results", 
    "exps_dir": "autotuning_exps", 
    "overwrite": true, 
    "fast": true, 
    "start_profile_step": 3, 
    "end_profile_step": 5, 
    "tuner_type": "gridsearch", 
    "tuner_early_stopping": 5, 
    "tuner_num_trials": 50, 
    "model_info_path": null, 
    "mp_size": 1, 
    "max_train_batch_size": null, 
    "min_train_batch_size": 1, 
    "max_train_micro_batch_size_per_gpu": 1.024000e+03, 
    "min_train_micro_batch_size_per_gpu": 1, 
    "num_tuning_micro_batch_sizes": 3
}
[2024-07-05 14:57:06,395] [INFO] [config.py:1001:print]   bfloat16_enabled ............. False
[2024-07-05 14:57:06,395] [INFO] [config.py:1001:print]   bfloat16_immediate_grad_update  False
[2024-07-05 14:57:06,395] [INFO] [config.py:1001:print]   checkpoint_parallel_write_pipeline  False
[2024-07-05 14:57:06,395] [INFO] [config.py:1001:print]   checkpoint_tag_validation_enabled  True
[2024-07-05 14:57:06,395] [INFO] [config.py:1001:print]   checkpoint_tag_validation_fail  False
[2024-07-05 14:57:06,395] [INFO] [config.py:1001:print]   comms_config ................. <deepspeed.comm.config.DeepSpeedCommsConfig object at 0x7fe8b975c880>
[2024-07-05 14:57:06,395] [INFO] [config.py:1001:print]   communication_data_type ...... None
[2024-07-05 14:57:06,395] [INFO] [config.py:1001:print]   compression_config ........... {'weight_quantization': {'shared_parameters': {'enabled': False, 'quantizer_kernel': False, 'schedule_offset': 0, 'quantize_groups': 1, 'quantize_verbose': False, 'quantization_type': 'symmetric', 'quantize_weight_in_forward': False, 'rounding': 'nearest', 'fp16_mixed_quantize': False, 'quantize_change_ratio': 0.001}, 'different_groups': {}}, 'activation_quantization': {'shared_parameters': {'enabled': False, 'quantization_type': 'symmetric', 'range_calibration': 'dynamic', 'schedule_offset': 1000}, 'different_groups': {}}, 'sparse_pruning': {'shared_parameters': {'enabled': False, 'method': 'l1', 'schedule_offset': 1000}, 'different_groups': {}}, 'row_pruning': {'shared_parameters': {'enabled': False, 'method': 'l1', 'schedule_offset': 1000}, 'different_groups': {}}, 'head_pruning': {'shared_parameters': {'enabled': False, 'method': 'topk', 'schedule_offset': 1000}, 'different_groups': {}}, 'channel_pruning': {'shared_parameters': {'enabled': False, 'method': 'l1', 'schedule_offset': 1000}, 'different_groups': {}}, 'layer_reduction': {'enabled': False}}
[2024-07-05 14:57:06,395] [INFO] [config.py:1001:print]   curriculum_enabled_legacy .... False
[2024-07-05 14:57:06,395] [INFO] [config.py:1001:print]   curriculum_params_legacy ..... False
[2024-07-05 14:57:06,395] [INFO] [config.py:1001:print]   data_efficiency_config ....... {'enabled': False, 'seed': 1234, 'data_sampling': {'enabled': False, 'num_epochs': 1000, 'num_workers': 0, 'curriculum_learning': {'enabled': False}}, 'data_routing': {'enabled': False, 'random_ltd': {'enabled': False, 'layer_token_lr_schedule': {'enabled': False}}}}
[2024-07-05 14:57:06,395] [INFO] [config.py:1001:print]   data_efficiency_enabled ...... False
[2024-07-05 14:57:06,395] [INFO] [config.py:1001:print]   dataloader_drop_last ......... False
[2024-07-05 14:57:06,395] [INFO] [config.py:1001:print]   disable_allgather ............ False
[2024-07-05 14:57:06,395] [INFO] [config.py:1001:print]   dump_state ................... False
[2024-07-05 14:57:06,395] [INFO] [config.py:1001:print]   dynamic_loss_scale_args ...... None
[2024-07-05 14:57:06,395] [INFO] [config.py:1001:print]   eigenvalue_enabled ........... False
[2024-07-05 14:57:06,395] [INFO] [config.py:1001:print]   eigenvalue_gas_boundary_resolution  1
[2024-07-05 14:57:06,395] [INFO] [config.py:1001:print]   eigenvalue_layer_name ........ bert.encoder.layer
[2024-07-05 14:57:06,395] [INFO] [config.py:1001:print]   eigenvalue_layer_num ......... 0
[2024-07-05 14:57:06,395] [INFO] [config.py:1001:print]   eigenvalue_max_iter .......... 100
[2024-07-05 14:57:06,395] [INFO] [config.py:1001:print]   eigenvalue_stability ......... 1e-06
[2024-07-05 14:57:06,395] [INFO] [config.py:1001:print]   eigenvalue_tol ............... 0.01
[2024-07-05 14:57:06,395] [INFO] [config.py:1001:print]   eigenvalue_verbose ........... False
[2024-07-05 14:57:06,395] [INFO] [config.py:1001:print]   elasticity_enabled ........... False
[2024-07-05 14:57:06,395] [INFO] [config.py:1001:print]   flops_profiler_config ........ {
    "enabled": false, 
    "recompute_fwd_factor": 0.0, 
    "profile_step": 1, 
    "module_depth": -1, 
    "top_modules": 1, 
    "detailed": true, 
    "output_file": null
}
[2024-07-05 14:57:06,395] [INFO] [config.py:1001:print]   fp16_auto_cast ............... None
[2024-07-05 14:57:06,395] [INFO] [config.py:1001:print]   fp16_enabled ................. False
[2024-07-05 14:57:06,395] [INFO] [config.py:1001:print]   fp16_master_weights_and_gradients  False
[2024-07-05 14:57:06,395] [INFO] [config.py:1001:print]   global_rank .................. 0
[2024-07-05 14:57:06,395] [INFO] [config.py:1001:print]   grad_accum_dtype ............. None
[2024-07-05 14:57:06,395] [INFO] [config.py:1001:print]   gradient_accumulation_steps .. 1
[2024-07-05 14:57:06,395] [INFO] [config.py:1001:print]   gradient_clipping ............ 0.0
[2024-07-05 14:57:06,395] [INFO] [config.py:1001:print]   gradient_predivide_factor .... 1.0
[2024-07-05 14:57:06,395] [INFO] [config.py:1001:print]   graph_harvesting ............. False
[2024-07-05 14:57:06,395] [INFO] [config.py:1001:print]   hybrid_engine ................ enabled=False max_out_tokens=512 inference_tp_size=1 release_inference_cache=False pin_parameters=True tp_gather_partition_size=8
[2024-07-05 14:57:06,395] [INFO] [config.py:1001:print]   initial_dynamic_scale ........ 65536
[2024-07-05 14:57:06,395] [INFO] [config.py:1001:print]   load_universal_checkpoint .... False
[2024-07-05 14:57:06,395] [INFO] [config.py:1001:print]   loss_scale ................... 0
[2024-07-05 14:57:06,395] [INFO] [config.py:1001:print]   memory_breakdown ............. False
[2024-07-05 14:57:06,395] [INFO] [config.py:1001:print]   mics_hierarchial_params_gather  False
[2024-07-05 14:57:06,395] [INFO] [config.py:1001:print]   mics_shard_size .............. -1
[2024-07-05 14:57:06,395] [INFO] [config.py:1001:print]   monitor_config ............... tensorboard=TensorBoardConfig(enabled=False, output_path='', job_name='DeepSpeedJobName') comet=CometConfig(enabled=False, samples_log_interval=100, project=None, workspace=None, api_key=None, experiment_name=None, experiment_key=None, online=None, mode=None) wandb=WandbConfig(enabled=False, group=None, team=None, project='deepspeed') csv_monitor=CSVConfig(enabled=False, output_path='', job_name='DeepSpeedJobName') enabled=False
[2024-07-05 14:57:06,395] [INFO] [config.py:1001:print]   nebula_config ................ {
    "enabled": false, 
    "persistent_storage_path": null, 
    "persistent_time_interval": 100, 
    "num_of_version_in_retention": 2, 
    "enable_nebula_load": true, 
    "load_path": null
}
[2024-07-05 14:57:06,395] [INFO] [config.py:1001:print]   optimizer_legacy_fusion ...... False
[2024-07-05 14:57:06,395] [INFO] [config.py:1001:print]   optimizer_name ............... adam
[2024-07-05 14:57:06,395] [INFO] [config.py:1001:print]   optimizer_params ............. {'lr': 0.0001, 'weight_decay': 0.0001}
[2024-07-05 14:57:06,395] [INFO] [config.py:1001:print]   pipeline ..................... {'stages': 'auto', 'partition': 'best', 'seed_layers': False, 'activation_checkpoint_interval': 0, 'pipe_partitioned': True, 'grad_partitioned': True}
[2024-07-05 14:57:06,396] [INFO] [config.py:1001:print]   pld_enabled .................. False
[2024-07-05 14:57:06,396] [INFO] [config.py:1001:print]   pld_params ................... False
[2024-07-05 14:57:06,396] [INFO] [config.py:1001:print]   prescale_gradients ........... False
[2024-07-05 14:57:06,396] [INFO] [config.py:1001:print]   scheduler_name ............... None
[2024-07-05 14:57:06,396] [INFO] [config.py:1001:print]   scheduler_params ............. None
[2024-07-05 14:57:06,396] [INFO] [config.py:1001:print]   seq_parallel_communication_data_type  torch.float32
[2024-07-05 14:57:06,396] [INFO] [config.py:1001:print]   sparse_attention ............. None
[2024-07-05 14:57:06,396] [INFO] [config.py:1001:print]   sparse_gradients_enabled ..... False
[2024-07-05 14:57:06,396] [INFO] [config.py:1001:print]   steps_per_print .............. 10
[2024-07-05 14:57:06,396] [INFO] [config.py:1001:print]   timers_config ................ enabled=True synchronized=True
[2024-07-05 14:57:06,396] [INFO] [config.py:1001:print]   train_batch_size ............. 64
[2024-07-05 14:57:06,396] [INFO] [config.py:1001:print]   train_micro_batch_size_per_gpu  64
[2024-07-05 14:57:06,396] [INFO] [config.py:1001:print]   use_data_before_expert_parallel_  False
[2024-07-05 14:57:06,396] [INFO] [config.py:1001:print]   use_node_local_storage ....... False
[2024-07-05 14:57:06,396] [INFO] [config.py:1001:print]   wall_clock_breakdown ......... False
[2024-07-05 14:57:06,396] [INFO] [config.py:1001:print]   weight_quantization_config ... None
[2024-07-05 14:57:06,396] [INFO] [config.py:1001:print]   world_size ................... 1
[2024-07-05 14:57:06,396] [INFO] [config.py:1001:print]   zero_allow_untested_optimizer  False
[2024-07-05 14:57:06,396] [INFO] [config.py:1001:print]   zero_config .................. stage=0 contiguous_gradients=True reduce_scatter=True reduce_bucket_size=500,000,000 use_multi_rank_bucket_allreduce=True allgather_partitions=True allgather_bucket_size=500,000,000 overlap_comm=False load_from_fp32_weights=True elastic_checkpoint=False offload_param=None offload_optimizer=None sub_group_size=1,000,000,000 cpu_offload_param=None cpu_offload_use_pin_memory=None cpu_offload=None prefetch_bucket_size=50,000,000 param_persistence_threshold=100,000 model_persistence_threshold=sys.maxsize max_live_parameters=1,000,000,000 max_reuse_distance=1,000,000,000 gather_16bit_weights_on_model_save=False use_all_reduce_for_fetch_params=False stage3_gather_fp16_weights_on_model_save=False ignore_unused_parameters=True legacy_stage1=False round_robin_gradients=False zero_hpz_partition_size=1 zero_quantized_weights=False zero_quantized_nontrainable_weights=False zero_quantized_gradients=False mics_shard_size=-1 mics_hierarchical_params_gather=False memory_efficient_linear=True pipeline_loading_checkpoint=False override_module_apply=True
[2024-07-05 14:57:06,396] [INFO] [config.py:1001:print]   zero_enabled ................. False
[2024-07-05 14:57:06,396] [INFO] [config.py:1001:print]   zero_force_ds_cpu_optimizer .. True
[2024-07-05 14:57:06,396] [INFO] [config.py:1001:print]   zero_optimization_stage ...... 0
[2024-07-05 14:57:06,396] [INFO] [config.py:987:print_user_config]   json = {
    "train_micro_batch_size_per_gpu": 64, 
    "gradient_accumulation_steps": 1, 
    "optimizer": {
        "type": "Adam", 
        "params": {
            "lr": 0.0001, 
            "weight_decay": 0.0001
        }
    }, 
    "fp16": {
        "enabled": false
    }, 
    "zero_optimization": {
        "stage": 0
    }
}
[2024-07-05 14:57:06,396] [INFO] [engine.py:101:__init__] CONFIG: micro_batches=1 micro_batch_size=64
[2024-07-05 14:57:06,396] [INFO] [engine.py:142:__init__] is_pipe_partitioned= False is_grad_partitioned= False
[2024-07-05 14:57:06,540] [INFO] [engine.py:161:__init__] RANK=0 STAGE=0 LAYERS=2 [0, 2) STAGE_PARAMS=8433664 (8.434M) TOTAL_PARAMS=16866336 (16.866M) UNIQUE_PARAMS=16866336 (16.866M)
[2024-07-05 14:57:06,540] [INFO] [engine.py:161:__init__] RANK=1 STAGE=1 LAYERS=2 [2, 4) STAGE_PARAMS=8432672 (8.433M) TOTAL_PARAMS=16866336 (16.866M) UNIQUE_PARAMS=16866336 (16.866M)
[2024-07-05 14:57:06,737] [INFO] [engine.py:899:_exec_load_micro_batch] first stage, pid = 102709, loaded.shape = torch.Size([64, 8, 32])
[2024-07-05 14:57:07,331] [INFO] [engine.py:1169:_exec_recv_activations] pid = 102710, recvd.shape = torch.Size([64, 8, 1024])
[2024-07-05 14:57:07,333] [INFO] [engine.py:915:_exec_load_micro_batch] last stage, pid = 102710, loaded.shape = torch.Size([64, 8, 32])
[2024-07-05 14:57:07,948] [INFO] [engine.py:758:_exec_forward_pass] before computing loss, pid = 102710, labels.shape = torch.Size([64, 8, 32])
[2024-07-05 14:57:08,101] [INFO] [engine.py:899:_exec_load_micro_batch] first stage, pid = 102709, loaded.shape = torch.Size([64, 12, 32])
[2024-07-05 14:57:08,102] [INFO] [engine.py:1169:_exec_recv_activations] pid = 102710, recvd.shape = torch.Size([64, 8, 1024])
Traceback (most recent call last):
  File "train.py", line 107, in <module>
[2024-07-05 14:57:08,103] [INFO] [engine.py:915:_exec_load_micro_batch] last stage, pid = 102710, loaded.shape = torch.Size([64, 12, 32])
    _main()
  File "train.py", line 103, in _main
    _train(args)
  File "train.py", line 86, in _train
    loss = engine.train_batch(training_iter)
  File "/root/.local/lib/python3.8/site-packages/deepspeed/runtime/pipe/engine.py", line 378, in train_batch
[2024-07-05 14:57:08,104] [INFO] [engine.py:758:_exec_forward_pass] before computing loss, pid = 102710, labels.shape = torch.Size([64, 12, 32])
    self._exec_schedule(sched)
  File "/root/.local/lib/python3.8/site-packages/deepspeed/runtime/pipe/engine.py", line 1439, in _exec_schedule
    self._exec_instr(**cmd.kwargs)
  File "/root/.local/lib/python3.8/site-packages/deepspeed/runtime/pipe/engine.py", line 853, in _exec_backward_pass
train.py:39: UserWarning: Using a target size (torch.Size([64, 12, 32])) that is different to the input size (torch.Size([64, 8, 32])). This will likely lead to incorrect results due to broadcasting. Please ensure they have the same size.
  return torch.nn.functional.mse_loss(output, label)
    torch.autograd.backward(tensors=(outputs, ), grad_tensors=(grad_tensors, ))
  File "/root/.local/lib/python3.8/site-packages/torch/autograd/__init__.py", line 190, in backward
    grad_tensors_ = _make_grads(tensors, grad_tensors_, is_grads_batched=False)
  File "/root/.local/lib/python3.8/site-packages/torch/autograd/__init__.py", line 68, in _make_grads
    raise RuntimeError("Mismatch in shape: grad_output["
RuntimeError: Mismatch in shape: grad_output[0] has a shape of torch.Size([64, 8, 1024]) and output[0] has a shape of torch.Size([64, 12, 1024]).
Traceback (most recent call last):
  File "train.py", line 107, in <module>
    _main()
  File "train.py", line 103, in _main
    _train(args)
  File "train.py", line 86, in _train
    loss = engine.train_batch(training_iter)
  File "/root/.local/lib/python3.8/site-packages/deepspeed/runtime/pipe/engine.py", line 378, in train_batch
    self._exec_schedule(sched)
  File "/root/.local/lib/python3.8/site-packages/deepspeed/runtime/pipe/engine.py", line 1439, in _exec_schedule
    self._exec_instr(**cmd.kwargs)
  File "/root/.local/lib/python3.8/site-packages/deepspeed/runtime/pipe/engine.py", line 759, in _exec_forward_pass
    self.loss = self.module.loss_fn(outputs, labels)
  File "train.py", line 39, in loss_fn
    return torch.nn.functional.mse_loss(output, label)
  File "/root/.local/lib/python3.8/site-packages/torch/nn/functional.py", line 3291, in mse_loss
    expanded_input, expanded_target = torch.broadcast_tensors(input, target)
  File "/root/.local/lib/python3.8/site-packages/torch/functional.py", line 74, in broadcast_tensors
    return _VF.broadcast_tensors(tensors)  # type: ignore[attr-defined]
RuntimeError: The size of tensor a (8) must match the size of tensor b (12) at non-singleton dimension 1
[2024-07-05 14:57:09,275] [INFO] [launch.py:319:sigkill_handler] Killing subprocess 102709
[2024-07-05 14:57:09,275] [INFO] [launch.py:319:sigkill_handler] Killing subprocess 102710
[2024-07-05 14:57:09,277] [ERROR] [launch.py:325:sigkill_handler] ['/root/.local/conda/envs/py38/bin/python', '-u', 'train.py', '--local_rank=1', '--num_stages', '2', '--steps', '10', '--deepspeed', '--deepspeed_config=ds_config.json'] exits with return code = 1
